<?xml version="1.0" encoding="UTF-8"?>
<!-- Generated by org.testng.reporters.JUnitReportReporter -->
<testsuite hostname="DESKTOP-970JHL7" failures="0" tests="2" name="com.smarttechqa.testng.TestNGPractice" time="7.794" errors="0" timestamp="16 Oct 2022 18:57:36 GMT" skipped="0">
  <testcase classname="com.smarttechqa.testng.TestNGPractice" name="clickImageButton" time="5.218"/>
  <testcase classname="com.smarttechqa.testng.TestNGPractice" name="googleSearch" time="2.576"/>
</testsuite> <!-- com.smarttechqa.testng.TestNGPractice -->
