<?xml version="1.0" encoding="UTF-8"?>
<!-- Generated by org.testng.reporters.JUnitReportReporter -->
<testsuite hostname="DESKTOP-970JHL7" failures="0" tests="19" name="com.smarttechqa.runner.FeatureRunner" time="0.624" errors="0" timestamp="23 Oct 2022 19:05:28 GMT" skipped="0">
  <testcase classname="com.smarttechqa.runner.FeatureRunner" name="runScenario" time="0.032"/>
  <testcase classname="com.smarttechqa.runner.FeatureRunner" name="runScenario" time="0.020"/>
  <testcase classname="com.smarttechqa.runner.FeatureRunner" name="runScenario" time="0.012"/>
  <testcase classname="com.smarttechqa.runner.FeatureRunner" name="runScenario" time="0.015"/>
  <testcase classname="com.smarttechqa.runner.FeatureRunner" name="runScenario" time="0.036"/>
  <testcase classname="com.smarttechqa.runner.FeatureRunner" name="runScenario" time="0.021"/>
  <testcase classname="com.smarttechqa.runner.FeatureRunner" name="runScenario" time="0.222"/>
  <testcase classname="com.smarttechqa.runner.FeatureRunner" name="runScenario" time="0.027"/>
  <testcase classname="com.smarttechqa.runner.FeatureRunner" name="runScenario" time="0.018"/>
  <testcase classname="com.smarttechqa.runner.FeatureRunner" name="runScenario" time="0.014"/>
  <testcase classname="com.smarttechqa.runner.FeatureRunner" name="runScenario" time="0.026"/>
  <testcase classname="com.smarttechqa.runner.FeatureRunner" name="runScenario" time="0.016"/>
  <testcase classname="com.smarttechqa.runner.FeatureRunner" name="runScenario" time="0.024"/>
  <testcase classname="com.smarttechqa.runner.FeatureRunner" name="runScenario" time="0.021"/>
  <testcase classname="com.smarttechqa.runner.FeatureRunner" name="runScenario" time="0.027"/>
  <testcase classname="com.smarttechqa.runner.FeatureRunner" name="runScenario" time="0.028"/>
  <testcase classname="com.smarttechqa.runner.FeatureRunner" name="runScenario" time="0.024"/>
  <testcase classname="com.smarttechqa.runner.FeatureRunner" name="runScenario" time="0.012"/>
  <testcase classname="com.smarttechqa.runner.FeatureRunner" name="runScenario" time="0.029"/>
</testsuite> <!-- com.smarttechqa.runner.FeatureRunner -->
